make all --print-data-base --no-builtin-variables --no-builtin-rules --question
# GNU Make 3.81
# Copyright (C) 2006  Free Software Foundation, Inc.
# This is free software; see the source for copying conditions.
# There is NO warranty; not even for MERCHANTABILITY or FITNESS FOR A
# PARTICULAR PURPOSE.

# This program built for i386-apple-darwin11.3.0
 

# Make data base, printed on Fri Jun 24 17:03:48 2022

# Variables

# automatic
<D = $(patsubst %/,%,$(dir $<))
 
# automatic
?F = $(notdir $?)
# makefile (from `Makefile', line 11)
TEST_SRC_DIR = ./tests
# makefile (from `Makefile', line 7)
GCOV_TARGET = ./coverage
# makefile (from `Makefile', line 17)
SRC := ./s21_calc_complements.c ./s21_create_matrix.c ./s21_determinant.c ./s21_eq_matrix.c ./s21_helpers.c ./s21_inverse_matrix.c ./s21_mult_matrix.c ./s21_mult_number.c ./s21_remove_matrix.c ./s21_sub_matrix.c ./s21_sum_matrix.c ./s21_transpose.c
# environment
VSCODE_LOG_NATIVE = false
# makefile (from `Makefile', line 3)
TARGET = s21_matrix.a
# automatic
?D = $(patsubst %/,%,$(dir $?))
# automatic
@D = $(patsubst %/,%,$(dir $@))
# automatic
@F = $(notdir $@)
# makefile
CURDIR := /Users/capricey/s21_matrix
# makefile (from `Makefile', line 32)
MK := mkdir -p
# makefile
SHELL = /bin/sh
# makefile (from `Makefile', line 31)
RM := rm -f
# environment
VSCODE_NLS_CONFIG = {"locale":"ru","availableLanguages":{},"_languagePackSupport":true}
# environment
_ = /usr/bin/make
# makefile (from `Makefile', line 36)
CFLAGS = $(STDFLAGS) $(ASAN)
# makefile (from `Makefile', line 1)
MAKEFILE_LIST :=  Makefile
# makefile (from `Makefile', line 13)
OBJ_DIR = ./objs
# environment
VSCODE_VERBOSE_LOGGING = true
# makefile (from `Makefile', line 37)
TST_CFLAGS := -g -c -Wall -Wextra -std=c11 -g  
# environment
__CFBundleIdentifier = com.microsoft.VSCode
# environment
VSCODE_IPC_HOOK_EXTHOST = /var/folders/zz/zyxvpxvq6csfxvn_n00026lm000jmx/T/vscode-ipc-92150ed4-7781-4abf-833d-03133f71b098.sock
# environment
VSCODE_CWD = /
# makefile (from `Makefile', line 20)
TEST_SRC := ./tests/test_s21_calc_complements.c ./tests/test_s21_create_matrix.c ./tests/test_s21_determinant.c ./tests/test_s21_eq_matrix.c ./tests/test_s21_inverse_matrix.c ./tests/test_s21_mult_matrix.c ./tests/test_s21_mult_number.c ./tests/test_s21_remove_matrix.c ./tests/test_s21_sub_matrix.c ./tests/test_s21_sum_matrix.c ./tests/test_s21_transpose.c
# makefile (from `Makefile', line 30)
RAN := ranlib
# environment
PATH = /Users/capricey/.brew/bin:/usr/local/bin:/usr/bin:/bin:/usr/sbin:/sbin:/usr/local/go/bin:/usr/local/munki:/Library/Apple/usr/bin
# environment
LSCOLORS = Gxfxcxdxbxegedabagacad
# environment
LIBRARY_PATH = /usr/local/Cellar/check/0.15.2/lib:/usr/local/lib
# makefile (from `Makefile', line 5)
TEST_EXE = test
# makefile (from `Makefile', line 29)
AR := ar rc
# environment
VSCODE_LOG_STACK = false
# environment
ELECTRON_RUN_AS_NODE = 1
# default
.FEATURES := target-specific order-only second-expansion else-if archives jobserver check-symlink
# environment
SSH_AUTH_SOCK = /private/tmp/com.apple.launchd.6R5TFZL9Lk/Listeners
# environment
CPLUS_INCLUDE_PATH = /usr/local/include/
# automatic
%F = $(notdir $%)
# environment
HOMEBREW_TEMP = /tmp/capricey/Homebrew/Temp
# environment
VSCODE_PIPE_LOGGING = true
# makefile (from `Makefile', line 22)
OBJS := ./objs/s21_calc_complements.o ./objs/s21_create_matrix.o ./objs/s21_determinant.o ./objs/s21_eq_matrix.o ./objs/s21_helpers.o ./objs/s21_inverse_matrix.o ./objs/s21_mult_matrix.o ./objs/s21_mult_number.o ./objs/s21_remove_matrix.o ./objs/s21_sub_matrix.o ./objs/s21_sum_matrix.o ./objs/s21_transpose.o
# environment
PWD = /Users/capricey/s21_matrix
# makefile (from `Makefile', line 24)
TEST_OBJS := ./tests/objs/test_s21_calc_complements.o ./tests/objs/test_s21_create_matrix.o ./tests/objs/test_s21_determinant.o ./tests/objs/test_s21_eq_matrix.o ./tests/objs/test_s21_inverse_matrix.o ./tests/objs/test_s21_mult_matrix.o ./tests/objs/test_s21_mult_number.o ./tests/objs/test_s21_remove_matrix.o ./tests/objs/test_s21_sub_matrix.o ./tests/objs/test_s21_sum_matrix.o ./tests/objs/test_s21_transpose.o 
# environment
ORIGINAL_XDG_CURRENT_DESKTOP = undefined
# makefile (from `Makefile', line 23)
GCOV_OBJS := ./tests/objs/s21_calc_complements.o ./tests/objs/s21_create_matrix.o ./tests/objs/s21_determinant.o ./tests/objs/s21_eq_matrix.o ./tests/objs/s21_helpers.o ./tests/objs/s21_inverse_matrix.o ./tests/objs/s21_mult_matrix.o ./tests/objs/s21_mult_number.o ./tests/objs/s21_remove_matrix.o ./tests/objs/s21_sub_matrix.o ./tests/objs/s21_sum_matrix.o ./tests/objs/s21_transpose.o
# environment
VSCODE_AMD_ENTRYPOINT = vs/workbench/api/node/extensionHostProcess
# environment
HOME = /Users/capricey
# default
MAKEFILEPATH := /Applications/Xcode.app/Contents/Developer/Makefiles
# environment
VSCODE_CODE_CACHE_PATH = /Users/capricey/Library/Application Support/Code/CachedData/dfd34e8260c270da74b5c2d86d61aee4b6d56977
# environment
LOGNAME = capricey
# environment
APPLICATION_INSIGHTS_NO_DIAGNOSTIC_CHANNEL = 1
# environment
ZSH = /Users/capricey/.oh-my-zsh
# environment
VSCODE_HANDLES_UNCAUGHT_ERRORS = true
# automatic
^D = $(patsubst %/,%,$(dir $^))
# environment
XPC_FLAGS = 0x0
# default
MAKE = $(MAKE_COMMAND)
# default
MAKECMDGOALS := all
# environment
HOMEBREW_CACHE = /tmp/capricey/Homebrew/Caches
# environment
SHLVL = 1
# makefile (from `Makefile', line 1)
CC = gcc
# default
MAKE_VERSION := 3.81
# environment
USER = capricey
# makefile
.DEFAULT_GOAL := all
# makefile (from `Makefile', line 14)
TEST_OBJ_DIR = ./tests/objs
# makefile (from `Makefile', line 27)
GCNO = $(shell find $(TEST_OBJ_DIR) -maxdepth 1 -name "*.gcno")
# makefile (from `Makefile', line 19)
TEST_INC := ./tests/s21_matrix_test.h
# environment
LESS = -R
# automatic
 
%D = $(patsubst %/,%,$(dir $%))
# default
MAKE_COMMAND := /Applications/Xcode.app/Contents/Developer/usr/bin/make
# makefile (from `Makefile', line 16)
INC := ./s21_matrix.h
# default
.VARIABLES := 
# environment
TMPDIR = /var/folders/zz/zyxvpxvq6csfxvn_n00026lm000jmx/T/
# automatic
*F = $(notdir $*)
# environment
VSCODE_IPC_HOOK = /Users/capricey/Library/Application Support/Code/1.66.2-main.sock
# makefile
MAKEFLAGS = Rrqp
# environment
MFLAGS = -Rrqp
# automatic
*D = $(patsubst %/,%,$(dir $*))
# environment
XPC_SERVICE_NAME = application.com.microsoft.VSCode.12886218664.12886218866
# automatic
+D = $(patsubst %/,%,$(dir $+))
# makefile (from `Makefile', line 34)
ASAN := 
# automatic
+F = $(notdir $+)
# makefile (from `Makefile', line 35)
STDFLAGS = -c -Wall -Wextra -std=c11 -g 
# environment
__CF_USER_TEXT_ENCODING = 0x469D:0x0:0x0
# environment
COMMAND_MODE = unix2003
# makefile (from `Makefile', line 26)
GCDA = $(shell find $(TEST_OBJ_DIR) -maxdepth 1 -name "*.gcda")
# default
MAKEFILES := 
# makefile (from `Makefile', line 10)
SRC_DIR = .
# automatic
<F = $(notdir $<)
# makefile (from `Makefile', line 40)
TST_LIBS = -lcheck gsl/lib/libgsl.a gsl/lib/libgslcblas.a
# environment
PAGER = less
# environment
LC_ALL = C
# makefile (from `Makefile', line 6)
TEST_GCOV_EXE = test_gcov
# automatic
^F = $(notdir $^)
# makefile (from `Makefile', line 38)
GCOV_FLAGS = -fprofile-arcs -ftest-coverage
# default
SUFFIXES := 
# environment
C_INCLUDE_PATH = /usr/local/include/
# default
.INCLUDE_DIRS = /usr/local/include
# environment
MAKELEVEL := 0
# makefile (from `Makefile', line 8)
GCOV_INFO = coverage.info
# environment
LANG = C
# environment
VSCODE_PID = 96659
# makefile (from `Makefile', line 4)
TEST_TARGET = test_s21_matrix.a
# variable set hash-table stats:
# Load=101/1024=10%, Rehash=0, Collisions=13/189=7%

# Pattern-specific Variable Values

# No pattern-specific variable values.

# Directories

# . (device 16777230, inode 323889): 28 files, no impossibilities.
# tests (device 16777230, inode 324347): 15 files, no impossibilities so far.

# 43 files, no impossibilities in 2 directories.

# Implicit Rules

tests/objs%.o: ./tests%.c ./tests/s21_matrix_test.h
#  commands to execute (from `Makefile', line 69):
	@$(MK) $(TEST_OBJ_DIR)
	$(CC) $(TST_CFLAGS) -o $@ -c $< -I gsl/include
	

# 1 implicit rules, 0 (0.0%) terminal.

# Files

# Not a target:
./s21_determinant.c:
#  Implicit rule search has been done.
#  Last modified 2022-06-24 14:39:26
#  File has been updated.
#  Successfully updated.
# variable set hash-table stats:
# Load=0/32=0%, Rehash=0, Collisions=0/0=0%

# Not a target:
tests/test_s21_sub_matrix.c:
#  Implicit rule search has been done.
#  Last modified 2022-06-24 14:16:22
#  File has been updated.
#  Successfully updated.
# variable set hash-table stats:
# Load=0/32=0%, Rehash=0, Collisions=0/0=0%

tests/objs/s21_determinant.o: ./s21_determinant.c tests/s21_matrix_test.h
#  Implicit rule search has not been done.
#  Implicit/static pattern stem: `/s21_determinant'
#  Modification time never checked.
#  File has not been updated.
#  commands to execute (from `Makefile', line 77):
	@$(MK) $(TEST_OBJ_DIR)
 
	$(CC) $(CFLAGS) -o $@ -c $<
	

objs/s21_sum_matrix.o: ./s21_sum_matrix.c s21_matrix.h
#  Implicit rule search has not been done.
#  Implicit/static pattern stem: `/s21_sum_matrix'
#  Last modified 2022-06-24 14:40:11
#  File has been updated.
#  Successfully updated.
# variable set hash-table stats:
# Load=0/32=0%, Rehash=0, Collisions=0/0=0%
#  commands to execute (from `Makefile', line 73):
	@$(MK) $(OBJ_DIR)
	$(CC) $(CFLAGS) -o $@ -c $<
	

tests/objs/test_s21_inverse_matrix.o: tests/test_s21_inverse_matrix.c tests/s21_matrix_test.h
#  Implicit rule search has been done.
#  Implicit/static pattern stem: `/test_s21_inverse_matrix'
#  Last modified 2022-06-24 14:23:53
#  File has been updated.
#  Successfully updated.
# variable set hash-table stats:
# Load=0/32=0%, Rehash=0, Collisions=0/0=0%
#  commands to execute (from `Makefile', line 69):
	@$(MK) $(TEST_OBJ_DIR)
	$(CC) $(TST_CFLAGS) -o $@ -c $< -I gsl/include
	

gcov_report: coverage
#  Implicit rule search has not been done.
#  Modification time never checked.
#  File has not been updated.

all: s21_matrix.a test
#  Phony target (prerequisite of .PHONY).
#  Command-line target.
#  Implicit rule search has not been done.
#  File does not exist.
#  File has been updated.
#  Successfully updated.
# variable set hash-table stats:
# Load=0/32=0%, Rehash=0, Collisions=0/0=0%

test_s21_matrix.a: tests/objs/s21_calc_complements.o tests/objs/s21_create_matrix.o tests/objs/s21_determinant.o tests/objs/s21_eq_matrix.o tests/objs/s21_helpers.o tests/objs/s21_inverse_matrix.o tests/objs/s21_mult_matrix.o tests/objs/s21_mult_number.o tests/objs/s21_remove_matrix.o tests/objs/s21_sub_matrix.o tests/objs/s21_sum_matrix.o tests/objs/s21_transpose.o s21_matrix.h
#  Implicit rule search has not been done.
#  Modification time never checked.
#  File has not been updated.
#  commands to execute (from `Makefile', line 54):
	$(AR) $(TEST_TARGET) $(GCOV_OBJS)
	$(RAN) $(TEST_TARGET)
	

.PHONY: all clean fclean re open
#  Implicit rule search has not been done.
#  Modification time never checked.
#  File has not been updated.

tests/objs/test_s21_mult_number.o: tests/test_s21_mult_number.c tests/s21_matrix_test.h
#  Implicit rule search has been done.
#  Implicit/static pattern stem: `/test_s21_mult_number'
#  Last modified 2022-06-24 14:23:53
#  File has been updated.
#  Successfully updated.
# variable set hash-table stats:
# Load=0/32=0%, Rehash=0, Collisions=0/0=0%
#  commands to execute (from `Makefile', line 69):
	@$(MK) $(TEST_OBJ_DIR)
	$(CC) $(TST_CFLAGS) -o $@ -c $< -I gsl/include
	

# Not a target:
./s21_sum_matrix.c:
#  Implicit rule search has been done.
#  Last modified 2022-06-24 14:16:22
#  File has been updated.
#  Successfully updated.
# variable set hash-table stats:
# Load=0/32=0%, Rehash=0, Collisions=0/0=0%

s21_matrix.a: objs/s21_calc_complements.o objs/s21_create_matrix.o objs/s21_determinant.o objs/s21_eq_matrix.o objs/s21_helpers.o objs/s21_inverse_matrix.o objs/s21_mult_matrix.o objs/s21_mult_number.o objs/s21_remove_matrix.o objs/s21_sub_matrix.o objs/s21_sum_matrix.o objs/s21_transpose.o Makefile
#  Implicit rule search has not been done.
#  Last modified 2022-06-24 14:50:40
#  File has been updated.
#  Successfully updated.
# variable set hash-table stats:
# Load=0/32=0%, Rehash=0, Collisions=0/0=0%
#  commands to execute (from `Makefile', line 50):
	$(AR) $(TARGET) $(OBJS)
	$(RAN) $(TARGET)
	

tests/objs/s21_sum_matrix.o: ./s21_sum_matrix.c tests/s21_matrix_test.h
#  Implicit rule search has not been done.
#  Implicit/static pattern stem: `/s21_sum_matrix'
#  Modification time never checked.
#  File has not been updated.
#  commands to execute (from `Makefile', line 77):
	@$(MK) $(TEST_OBJ_DIR)
	$(CC) $(CFLAGS) -o $@ -c $<
	

objs/s21_helpers.o: ./s21_helpers.c s21_matrix.h
#  Implicit rule search has not been done.
#  Implicit/static pattern stem: `/s21_helpers'
#  Last modified 2022-06-24 14:40:11
#  File has been updated.
#  Successfully updated.
# variable set hash-table stats:
# Load=0/32=0%, Rehash=0, Collisions=0/0=0%
#  commands to execute (from `Makefile', line 73):
	@$(MK) $(OBJ_DIR)
	$(CC) $(CFLAGS) -o $@ -c $<
	

# Not a target:
tests/test_s21_inverse_matrix.c:
#  Implicit rule search has been done.
#  Last modified 2022-06-24 14:16:22
#  File has been updated.
#  Successfully updated.
# variable set hash-table stats:
# Load=0/32=0%, Rehash=0, Collisions=0/0=0%

tests/objs/test_s21_create_matrix.o: tests/test_s21_create_matrix.c tests/s21_matrix_test.h
#  Implicit rule search has been done.
#  Implicit/static pattern stem: `/test_s21_create_matrix'
#  Last modified 2022-06-24 14:23:52
#  File has been updated.
#  Successfully updated.
# variable set hash-table stats:
# Load=0/32=0%, Rehash=0, Collisions=0/0=0%
#  commands to execute (from `Makefile', line 69):
	@$(MK) $(TEST_OBJ_DIR)
	$(CC) $(TST_CFLAGS) -o $@ -c $< -I gsl/include
	

tests/objs/main.o: main.c
#  Implicit rule search has not been done.
#  Last modified 2022-06-24 14:43:19
#  File has been updated.
#  Successfully updated.
# variable set hash-table stats:
# Load=0/32=0%, Rehash=0, Collisions=0/0=0%
#  commands to execute (from `Makefile', line 65):
	@$(MK) $(TEST_OBJ_DIR)
	$(CC) $(CFLAGS) -o $(TEST_OBJ_DIR)/main.o main.c -I gsl/include
	

# Not a target:
tests/test_s21_mult_number.c:
#  Implicit rule search has been done.
#  Last modified 2022-06-24 14:16:22
#  File has been updated.
#  Successfully updated.
# variable set hash-table stats:
# Load=0/32=0%, Rehash=0, Collisions=0/0=0%

tests/objs/test_s21_mult_matrix.o: tests/test_s21_mult_matrix.c tests/s21_matrix_test.h
#  Implicit rule search has been done.
#  Implicit/static pattern stem: `/test_s21_mult_matrix'
#  Last modified 2022-06-24 14:23:53
#  File has been updated.
#  Successfully updated.
# variable set hash-table stats:
# Load=0/32=0%, Rehash=0, Collisions=0/0=0%
#  commands to execute (from `Makefile', line 69):
	@$(MK) $(TEST_OBJ_DIR)
	$(CC) $(TST_CFLAGS) -o $@ -c $< -I gsl/include
	

# Not a target:
.SUFFIXES:
#  Implicit rule search has not been done.
#  Modification time never checked.
#  File has not been updated.

# Not a target:
tests/test_s21_create_matrix.c:
#  Implicit rule search has been done.
#  Last modified 2022-06-24 14:16:22
#  File has been updated.
#  Successfully updated.
# variable set hash-table stats:
# Load=0/32=0%, Rehash=0, Collisions=0/0=0%

objs/s21_remove_matrix.o: ./s21_remove_matrix.c s21_matrix.h
#  Implicit rule search has not been done.
#  Implicit/static pattern stem: `/s21_remove_matrix'
#  Last modified 2022-06-24 14:40:11
#  File has been updated.
#  Successfully updated.
# variable set hash-table stats:
# Load=0/32=0%, Rehash=0, Collisions=0/0=0%
#  commands to execute (from `Makefile', line 73):
	@$(MK) $(OBJ_DIR)
	$(CC) $(CFLAGS) -o $@ -c $<
	

gcov_obj: Makefile
#  Implicit rule search has not been done.
#  Modification time never checked.
#  File has not been updated.

# Not a target:
Makefile:
#  Implicit rule search has been done.
#  Last modified 2022-06-24 14:16:22
#  File has been updated.
#  Successfully updated.
# variable set hash-table stats:
# Load=0/32=0%, Rehash=0, Collisions=0/0=0%

tests/objs/s21_helpers.o: ./s21_helpers.c tests/s21_matrix_test.h
#  Implicit rule search has not been done.
#  Implicit/static pattern stem: `/s21_helpers'
#  Modification time never checked.
#  File has not been updated.
#  commands to execute (from `Makefile', line 77):
	@$(MK) $(TEST_OBJ_DIR)
	$(CC) $(CFLAGS) -o $@ -c $<
	

tests/objs/test_s21_transpose.o: tests/test_s21_transpose.c tests/s21_matrix_test.h
#  Implicit rule search has been done.
#  Implicit/static pattern stem: `/test_s21_transpose'
#  Last modified 2022-06-24 14:23:54
#  File has been updated.
#  Successfully updated.
# variable set hash-table stats:
# Load=0/32=0%, Rehash=0, Collisions=0/0=0%
#  commands to execute (from `Makefile', line 69):
	@$(MK) $(TEST_OBJ_DIR)
	$(CC) $(TST_CFLAGS) -o $@ -c $< -I gsl/include
	

objs/s21_calc_complements.o: ./s21_calc_complements.c s21_matrix.h
#  Implicit rule search has not been done.
#  Implicit/static pattern stem: `/s21_calc_complements'
#  Last modified 2022-06-24 14:50:40
 
#  File has been updated.
#  Successfully updated.
# variable set hash-table stats:
# Load=0/32=0%, Rehash=0, Collisions=0/0=0%
#  commands to execute (from `Makefile', line 73):
	@$(MK) $(OBJ_DIR)
	$(CC) $(CFLAGS) -o $@ -c $<
	

tests/objs/test_s21_eq_matrix.o: tests/test_s21_eq_matrix.c tests/s21_matrix_test.h
#  Implicit rule search has been done.
#  Implicit/static pattern stem: `/test_s21_eq_matrix'
#  Last modified 2022-06-24 14:23:53
#  File has been updated.
#  Successfully updated.
# variable set hash-table stats:
# Load=0/32=0%, Rehash=0, Collisions=0/0=0%
#  commands to execute (from `Makefile', line 69):
	@$(MK) $(TEST_OBJ_DIR)
	$(CC) $(TST_CFLAGS) -o $@ -c $< -I gsl/include
	

test: s21_matrix.a tests/objs/main.o tests/objs/test_s21_calc_complements.o tests/objs/test_s21_create_matrix.o tests/objs/test_s21_determinant.o tests/objs/test_s21_eq_matrix.o tests/objs/test_s21_inverse_matrix.o tests/objs/test_s21_mult_matrix.o tests/objs/test_s21_mult_number.o tests/objs/test_s21_remove_matrix.o tests/objs/test_s21_sub_matrix.o tests/objs/test_s21_sum_matrix.o tests/objs/test_s21_transpose.o tests/s21_matrix_test.h Makefile
#  Implicit rule search has not been done.
#  Last modified 2022-06-24 14:50:40
#  File has been updated.
#  Successfully updated.
# variable set hash-table stats:
# Load=0/32=0%, Rehash=0, Collisions=0/0=0%
#  commands to execute (from `Makefile', line 58):
	$(CC)  $(TEST_OBJS) $(TEST_OBJ_DIR)/main.o $(ASAN) $(GCOV_FLAGS) -o $(TEST_EXE) $(TST_LIBS) -L. $(TARGET) -I gsl/include
	./test
	

# Not a target:
tests/test_s21_mult_matrix.c:
#  Implicit rule search has been done.
#  Last modified 2022-06-24 14:16:22
#  File has been updated.
#  Successfully updated.
# variable set hash-table stats:
# Load=0/32=0%, Rehash=0, Collisions=0/0=0%

# Not a target:
./s21_remove_matrix.c:
#  Implicit rule search has been done.
#  Last modified 2022-06-24 14:16:22
#  File has been updated.
#  Successfully updated.
# variable set hash-table stats:
# Load=0/32=0%, Rehash=0, Collisions=0/0=0%

tests/objs/test_s21_determinant.o: tests/test_s21_determinant.c tests/s21_matrix_test.h
#  Implicit rule search has been done.
#  Implicit/static pattern stem: `/test_s21_determinant'
#  Last modified 2022-06-24 14:40:12
#  File has been updated.
#  Successfully updated.
# variable set hash-table stats:
# Load=0/32=0%, Rehash=0, Collisions=0/0=0%
#  commands to execute (from `Makefile', line 69):
	@$(MK) $(TEST_OBJ_DIR)
	$(CC) $(TST_CFLAGS) -o $@ -c $< -I gsl/include
	

tests/objs/s21_remove_matrix.o: ./s21_remove_matrix.c tests/s21_matrix_test.h
#  Implicit rule search has not been done.
#  Implicit/static pattern stem: `/s21_remove_matrix'
#  Modification time never checked.
#  File has not been updated.
#  commands to execute (from `Makefile', line 77):
	@$(MK) $(TEST_OBJ_DIR)
	$(CC) $(CFLAGS) -o $@ -c $<
	

# Not a target:
tests/test_s21_transpose.c:
#  Implicit rule search has been done.
#  Last modified 2022-06-24 14:16:22
#  File has been updated.
#  Successfully updated.
# variable set hash-table stats:
# Load=0/32=0%, Rehash=0, Collisions=0/0=0%

# Not a target:
./s21_calc_complements.c:
#  Implicit rule search has been done.
#  Last modified 2022-06-24 14:50:34
#  File has been updated.
#  Successfully updated.
# variable set hash-table stats:
# Load=0/32=0%, Rehash=0, Collisions=0/0=0%

# Not a target:
tests/test_s21_eq_matrix.c:
#  Implicit rule search has been done.
#  Last modified 2022-06-24 14:16:22
#  File has been updated.
#  Successfully updated.
# variable set hash-table stats:
# Load=0/32=0%, Rehash=0, Collisions=0/0=0%

tests/objs/s21_calc_complements.o: ./s21_calc_complements.c tests/s21_matrix_test.h
#  Implicit rule search has not been done.
#  Implicit/static pattern stem: `/s21_calc_complements'
#  Modification time never checked.
#  File has not been updated.
#  commands to execute (from `Makefile', line 77):
	@$(MK) $(TEST_OBJ_DIR)
	$(CC) $(CFLAGS) -o $@ -c $<
	

# Not a target:
tests/test_s21_determinant.c:
#  Implicit rule search has been done.
#  Last modified 2022-06-24 14:26:52
#  File has been updated.
#  Successfully updated.
# variable set hash-table stats:
# Load=0/32=0%, Rehash=0, Collisions=0/0=0%

# Not a target:
main.c:
#  Implicit rule search has been done.
#  Last modified 2022-06-24 14:43:18
#  File has been updated.
#  Successfully updated.
# variable set hash-table stats:
# Load=0/32=0%, Rehash=0, Collisions=0/0=0%

fclean: clean
#  Phony target (prerequisite of .PHONY).
#  Implicit rule search has not been done.
#  File does not exist.
#  File has not been updated.
#  commands to execute (from `Makefile', line 103):
	$(RM) $(TARGET)
	$(RM) $(TEST_TARGET)
	$(RM) $(TEST_EXE)
	$(RM) $(TEST_GCOV_EXE)
	$(RM) $(GCOV_INFO)
	$(RM) -r $(GCOV_TARGET)
	

tests/objs/test_s21_sum_matrix.o: tests/test_s21_sum_matrix.c tests/s21_matrix_test.h
#  Implicit rule search has been done.
#  Implicit/static pattern stem: `/test_s21_sum_matrix'
#  Last modified 2022-06-24 14:23:53
#  File has been updated.
#  Successfully updated.
# variable set hash-table stats:
# Load=0/32=0%, Rehash=0, Collisions=0/0=0%
#  commands to execute (from `Makefile', line 69):
	@$(MK) $(TEST_OBJ_DIR)
	$(CC) $(TST_CFLAGS) -o $@ -c $< -I gsl/include
	

# Not a target:
./s21_helpers.c:
#  Implicit rule search has been done.
#  Last modified 2022-06-24 14:35:31
#  File has been updated.
#  Successfully updated.
# variable set hash-table stats:
# Load=0/32=0%, Rehash=0, Collisions=0/0=0%

objs/s21_sub_matrix.o: ./s21_sub_matrix.c s21_matrix.h
#  Implicit rule search has not been done.
#  Implicit/static pattern stem: `/s21_sub_matrix'
#  Last modified 2022-06-24 14:40:11
#  File has been updated.
#  Successfully updated.
# variable set hash-table stats:
# Load=0/32=0%, Rehash=0, Collisions=0/0=0%
#  commands to execute (from `Makefile', line 73):
	@$(MK) $(OBJ_DIR)
	$(CC) $(CFLAGS) -o $@ -c $<
	

coverage.info: test_gcov
#  Implicit rule search has not been done.
#  Modification time never checked.
#  File has not been updated.
#  commands to execute (from `Makefile', line 87):
	./$(TEST_GCOV_EXE)
	geninfo $(TEST_OBJ_DIR) -b . -o ./$(GCOV_INFO)
	

# Not a target:
tests/test_s21_sum_matrix.c:
#  Implicit rule search has been done.
#  Last modified 2022-06-24 14:16:22
#  File has been updated.
#  Successfully updated.
# variable set hash-table stats:
# Load=0/32=0%, Rehash=0, Collisions=0/0=0%

# Not a target:
s21_matrix.h:
#  Implicit rule search has been done.
#  Last modified 2022-06-24 14:40:09
#  File has been updated.
#  Successfully updated.
# variable set hash-table stats:
# Load=0/32=0%, Rehash=0, Collisions=0/0=0%

# Not a target:
.DEFAULT:
#  Implicit rule search has not been done.
#  Modification time never checked.
#  File has not been updated.

# Not a target:
./s21_sub_matrix.c:
#  Implicit rule search has been done.
#  Last modified 2022-06-24 14:16:22
#  File has been updated.
#  Successfully updated.
# variable set hash-table stats:
# Load=0/32=0%, Rehash=0, Collisions=0/0=0%

tests/objs/s21_sub_matrix.o: ./s21_sub_matrix.c tests/s21_matrix_test.h
#  Implicit rule search has not been done.
#  Implicit/static pattern stem: `/s21_sub_matrix'
#  Modification time never checked.
#  File has not been updated.
#  commands to execute (from `Makefile', line 77):
	@$(MK) $(TEST_OBJ_DIR)
	$(CC) $(CFLAGS) -o $@ -c $<
	

objs/s21_inverse_matrix.o: ./s21_inverse_matrix.c s21_matrix.h
#  Implicit rule search has not been done.
#  Implicit/static pattern stem: `/s21_inverse_matrix'
#  Last modified 2022-06-24 14:40:11
#  File has been updated.
#  Successfully updated.
# variable set hash-table stats:
# Load=0/32=0%, Rehash=0, Collisions=0/0=0%
#  commands to execute (from `Makefile', line 73):
	@$(MK) $(OBJ_DIR)
	$(CC) $(CFLAGS) -o $@ -c $<
	

re: fclean all
#  Phony target (prerequisite of .PHONY).
#  Implicit rule search has not been done.
#  File does not exist.
#  File has not been updated.

clean:
#  Phony target (prerequisite of .PHONY).
#  Implicit rule search has not been done.
#  File does not exist.
#  File has not been updated.
#  commands to execute (from `Makefile', line 95):
	$(RM) $(TEST_OBJ_DIR)/main.o
	$(RM) $(OBJS)
 
	$(RM) $(GCDA)
	$(RM) $(GCNO)
	$(RM) $(TEST_OBJS)
	$(RM) $(GCOV_OBJS)
	

coverage: coverage.info
#  Implicit rule search has not been done.
#  Modification time never checked.
#  File has not been updated.
# makefile (from `Makefile', line 82)
# CFLAGS += $(GCOV_FLAGS)
# variable set hash-table stats:
# Load=1/32=3%, Rehash=0, Collisions=0/2=0%
#  commands to execute (from `Makefile', line 84):
	genhtml $(GCOV_INFO) -o $(GCOV_TARGET)
	

objs/s21_mult_number.o: ./s21_mult_number.c s21_matrix.h
#  Implicit rule search has not been done.
#  Implicit/static pattern stem: `/s21_mult_number'
#  Last modified 2022-06-24 14:40:11
#  File has been updated.
#  Successfully updated.
# variable set hash-table stats:
# Load=0/32=0%, Rehash=0, Collisions=0/0=0%
#  commands to execute (from `Makefile', line 73):
	@$(MK) $(OBJ_DIR)
	$(CC) $(CFLAGS) -o $@ -c $<
	

tests/objs/test_s21_remove_matrix.o: tests/test_s21_remove_matrix.c tests/s21_matrix_test.h
#  Implicit rule search has been done.
#  Implicit/static pattern stem: `/test_s21_remove_matrix'
#  Last modified 2022-06-24 14:23:53
#  File has been updated.
#  Successfully updated.
# variable set hash-table stats:
# Load=0/32=0%, Rehash=0, Collisions=0/0=0%
#  commands to execute (from `Makefile', line 69):
	@$(MK) $(TEST_OBJ_DIR)
	$(CC) $(TST_CFLAGS) -o $@ -c $< -I gsl/include
	

open:
#  Phony target (prerequisite of .PHONY).
#  Implicit rule search has not been done.
#  File does not exist.
#  File has not been updated.
#  commands to execute (from `Makefile', line 92):
	open coverage/s21_matrix/index.html
	

# Not a target:
./s21_inverse_matrix.c:
#  Implicit rule search has been done.
#  Last modified 2022-06-24 14:16:22
#  File has been updated.
#  Successfully updated.
# variable set hash-table stats:
# Load=0/32=0%, Rehash=0, Collisions=0/0=0%

objs/s21_create_matrix.o: ./s21_create_matrix.c s21_matrix.h
#  Implicit rule search has not been done.
#  Implicit/static pattern stem: `/s21_create_matrix'
#  Last modified 2022-06-24 14:40:10
#  File has been updated.
#  Successfully updated.
# variable set hash-table stats:
# Load=0/32=0%, Rehash=0, Collisions=0/0=0%
#  commands to execute (from `Makefile', line 73):
	@$(MK) $(OBJ_DIR)
	$(CC) $(CFLAGS) -o $@ -c $<
	

tests/objs/test_s21_calc_complements.o: tests/test_s21_calc_complements.c tests/s21_matrix_test.h
#  Implicit rule search has been done.
#  Implicit/static pattern stem: `/test_s21_calc_complements'
#  Last modified 2022-06-24 14:49:59
#  File has been updated.
#  Successfully updated.
# variable set hash-table stats:
# Load=0/32=0%, Rehash=0, Collisions=0/0=0%
#  commands to execute (from `Makefile', line 69):
	@$(MK) $(TEST_OBJ_DIR)
	$(CC) $(TST_CFLAGS) -o $@ -c $< -I gsl/include
	

# Not a target:
tests/s21_matrix_test.h:
#  Implicit rule search has been done.
#  Last modified 2022-06-24 14:16:22
#  File has been updated.
#  Successfully updated.
# variable set hash-table stats:
# Load=0/32=0%, Rehash=0, Collisions=0/0=0%

tests/objs/s21_inverse_matrix.o: ./s21_inverse_matrix.c tests/s21_matrix_test.h
#  Implicit rule search has not been done.
#  Implicit/static pattern stem: `/s21_inverse_matrix'
#  Modification time never checked.
#  File has not been updated.
#  commands to execute (from `Makefile', line 77):
	@$(MK) $(TEST_OBJ_DIR)
	$(CC) $(CFLAGS) -o $@ -c $<
	

# Not a target:
./s21_mult_number.c:
#  Implicit rule search has been done.
#  Last modified 2022-06-24 14:16:22
#  File has been updated.
#  Successfully updated.
# variable set hash-table stats:
# Load=0/32=0%, Rehash=0, Collisions=0/0=0%

# Not a target:
tests/test_s21_remove_matrix.c:
#  Implicit rule search has been done.
#  Last modified 2022-06-24 14:16:22
#  File has been updated.
#  Successfully updated.
# variable set hash-table stats:
# Load=0/32=0%, Rehash=0, Collisions=0/0=0%

objs/s21_mult_matrix.o: ./s21_mult_matrix.c s21_matrix.h
#  Implicit rule search has not been done.
#  Implicit/static pattern stem: `/s21_mult_matrix'
#  Last modified 2022-06-24 14:40:11
#  File has been updated.
#  Successfully updated.
# variable set hash-table stats:
# Load=0/32=0%, Rehash=0, Collisions=0/0=0%
#  commands to execute (from `Makefile', line 73):
	@$(MK) $(OBJ_DIR)
	$(CC) $(CFLAGS) -o $@ -c $<
	

tests/objs/s21_mult_number.o: ./s21_mult_number.c tests/s21_matrix_test.h
#  Implicit rule search has not been done.
#  Implicit/static pattern stem: `/s21_mult_number'
#  Modification time never checked.
#  File has not been updated.
#  commands to execute (from `Makefile', line 77):
	@$(MK) $(TEST_OBJ_DIR)
	$(CC) $(CFLAGS) -o $@ -c $<
	

# Not a target:
./s21_create_matrix.c:
#  Implicit rule search has been done.
#  Last modified 2022-06-24 14:16:22
#  File has been updated.
#  Successfully updated.
# variable set hash-table stats:
# Load=0/32=0%, Rehash=0, Collisions=0/0=0%

# Not a target:
tests/test_s21_calc_complements.c:
#  Implicit rule search has been done.
#  Last modified 2022-06-24 14:49:58
#  File has been updated.
#  Successfully updated.
# variable set hash-table stats:
# Load=0/32=0%, Rehash=0, Collisions=0/0=0%

tests/objs/s21_create_matrix.o: ./s21_create_matrix.c tests/s21_matrix_test.h
#  Implicit rule search has not been done.
#  Implicit/static pattern stem: `/s21_create_matrix'
#  Modification time never checked.
#  File has not been updated.
#  commands to execute (from `Makefile', line 77):
	@$(MK) $(TEST_OBJ_DIR)
	$(CC) $(CFLAGS) -o $@ -c $<
	

objs/s21_transpose.o: ./s21_transpose.c s21_matrix.h
#  Implicit rule search has not been done.
#  Implicit/static pattern stem: `/s21_transpose'
#  Last modified 2022-06-24 14:40:11
#  File has been updated.
#  Successfully updated.
# variable set hash-table stats:
# Load=0/32=0%, Rehash=0, Collisions=0/0=0%
#  commands to execute (from `Makefile', line 73):
	@$(MK) $(OBJ_DIR)
	$(CC) $(CFLAGS) -o $@ -c $<
	

objs/s21_eq_matrix.o: ./s21_eq_matrix.c s21_matrix.h
#  Implicit rule search has not been done.
#  Implicit/static pattern stem: `/s21_eq_matrix'
#  Last modified 2022-06-24 14:40:11
#  File has been updated.
#  Successfully updated.
# variable set hash-table stats:
# Load=0/32=0%, Rehash=0, Collisions=0/0=0%
#  commands to execute (from `Makefile', line 73):
	@$(MK) $(OBJ_DIR)
	$(CC) $(CFLAGS) -o $@ -c $<
	

# Not a target:
./s21_mult_matrix.c:
#  Implicit rule search has been done.
#  Last modified 2022-06-24 14:16:22
#  File has been updated.
#  Successfully updated.
# variable set hash-table stats:
# Load=0/32=0%, Rehash=0, Collisions=0/0=0%

objs/s21_determinant.o: ./s21_determinant.c s21_matrix.h
#  Implicit rule search has not been done.
#  Implicit/static pattern stem: `/s21_determinant'
#  Last modified 2022-06-24 14:40:11
#  File has been updated.
#  Successfully updated.
# variable set hash-table stats:
# Load=0/32=0%, Rehash=0, Collisions=0/0=0%
#  commands to execute (from `Makefile', line 73):
	@$(MK) $(OBJ_DIR)
	$(CC) $(CFLAGS) -o $@ -c $<
	

tests/objs/s21_mult_matrix.o: ./s21_mult_matrix.c tests/s21_matrix_test.h
#  Implicit rule search has not been done.
#  Implicit/static pattern stem: `/s21_mult_matrix'
#  Modification time never checked.
#  File has not been updated.
#  commands to execute (from `Makefile', line 77):
	@$(MK) $(TEST_OBJ_DIR)
	$(CC) $(CFLAGS) -o $@ -c $<
	

test_gcov: test_s21_matrix.a tests/objs/main.o tests/objs/test_s21_calc_complements.o tests/objs/test_s21_create_matrix.o tests/objs/test_s21_determinant.o tests/objs/test_s21_eq_matrix.o tests/objs/test_s21_inverse_matrix.o tests/objs/test_s21_mult_matrix.o tests/objs/test_s21_mult_number.o tests/objs/test_s21_remove_matrix.o tests/objs/test_s21_sub_matrix.o tests/objs/test_s21_sum_matrix.o tests/objs/test_s21_transpose.o
#  Implicit rule search has not been done.
#  Modification time never checked.
#  File has not been updated.
#  commands to execute (from `Makefile', line 62):
	$(CC) $(TEST_OBJS) $(TEST_OBJ_DIR)/main.o $(GCOV_FLAGS) -o $(TEST_GCOV_EXE) $(TST_LIBS) -L. $(TEST_TARGET)
	

tests/objs/test_s21_sub_matrix.o: tests/test_s21_sub_matrix.c tests/s21_matrix_test.h
#  Implicit rule search has been done.
#  Implicit/static pattern stem: `/test_s21_sub_matrix'
#  Last modified 2022-06-24 14:23:53
 
#  File has been updated.
#  Successfully updated.
# variable set hash-table stats:
# Load=0/32=0%, Rehash=0, Collisions=0/0=0%
#  commands to execute (from `Makefile', line 69):
	@$(MK) $(TEST_OBJ_DIR)
	$(CC) $(TST_CFLAGS) -o $@ -c $< -I gsl/include
	

# Not a target:
./s21_transpose.c:
#  Implicit rule search has been done.
#  Last modified 2022-06-24 14:16:22
#  File has been updated.
#  Successfully updated.
# variable set hash-table stats:
# Load=0/32=0%, Rehash=0, Collisions=0/0=0%

# Not a target:
./s21_eq_matrix.c:
#  Implicit rule search has been done.
#  Last modified 2022-06-24 14:16:22
#  File has been updated.
#  Successfully updated.
# variable set hash-table stats:
# Load=0/32=0%, Rehash=0, Collisions=0/0=0%

tests/objs/s21_transpose.o: ./s21_transpose.c tests/s21_matrix_test.h
#  Implicit rule search has not been done.
#  Implicit/static pattern stem: `/s21_transpose'
#  Modification time never checked.
#  File has not been updated.
#  commands to execute (from `Makefile', line 77):
	@$(MK) $(TEST_OBJ_DIR)
	$(CC) $(CFLAGS) -o $@ -c $<
	

tests/objs/s21_eq_matrix.o: ./s21_eq_matrix.c tests/s21_matrix_test.h
#  Implicit rule search has not been done.
#  Implicit/static pattern stem: `/s21_eq_matrix'
#  Modification time never checked.
#  File has not been updated.
#  commands to execute (from `Makefile', line 77):
	@$(MK) $(TEST_OBJ_DIR)
	$(CC) $(CFLAGS) -o $@ -c $<
	

# files hash-table stats:
# Load=79/1024=8%, Rehash=0, Collisions=4/278=1%
# VPATH Search Paths

# No `vpath' search paths.

# No general (`VPATH' variable) search path.

# # of strings in strcache: 1
# # of strcache buffers: 1
# strcache size: total = 4096 / max = 4096 / min = 4096 / avg = 4096
# strcache free: total = 4087 / max = 4087 / min = 4087 / avg = 4087

# Finished Make data base on Fri Jun 24 17:03:48 2022

 
